TN:
SF:src\services\AnalyticsService.ts
FN:13,(anonymous_0)
FN:23,(anonymous_1)
FN:59,(anonymous_2)
FN:60,(anonymous_3)
FN:80,(anonymous_4)
FN:86,(anonymous_5)
FN:90,(anonymous_6)
FN:98,(anonymous_7)
FN:105,(anonymous_8)
FN:109,(anonymous_9)
FN:123,(anonymous_10)
FN:128,(anonymous_11)
FN:174,(anonymous_12)
FN:176,(anonymous_13)
FN:191,(anonymous_14)
FN:208,(anonymous_15)
FN:288,(anonymous_16)
FN:309,(anonymous_17)
FN:316,(anonymous_18)
FN:330,(anonymous_19)
FN:341,(anonymous_20)
FN:381,(anonymous_21)
FN:384,(anonymous_22)
FN:391,(anonymous_23)
FN:394,(anonymous_24)
FN:395,(anonymous_25)
FN:401,(anonymous_26)
FN:403,(anonymous_27)
FN:409,(anonymous_28)
FN:414,(anonymous_29)
FN:428,(anonymous_30)
FNF:31
FNH:29
FNDA:24,(anonymous_0)
FNDA:3,(anonymous_1)
FNDA:4,(anonymous_2)
FNDA:4,(anonymous_3)
FNDA:2,(anonymous_4)
FNDA:4,(anonymous_5)
FNDA:4,(anonymous_6)
FNDA:4,(anonymous_7)
FNDA:2,(anonymous_8)
FNDA:3,(anonymous_9)
FNDA:5,(anonymous_10)
FNDA:7,(anonymous_11)
FNDA:1,(anonymous_12)
FNDA:5,(anonymous_13)
FNDA:13,(anonymous_14)
FNDA:19,(anonymous_15)
FNDA:13,(anonymous_16)
FNDA:1,(anonymous_17)
FNDA:6,(anonymous_18)
FNDA:8,(anonymous_19)
FNDA:10,(anonymous_20)
FNDA:5,(anonymous_21)
FNDA:1,(anonymous_22)
FNDA:3,(anonymous_23)
FNDA:4,(anonymous_24)
FNDA:4,(anonymous_25)
FNDA:3,(anonymous_26)
FNDA:0,(anonymous_27)
FNDA:6,(anonymous_28)
FNDA:8,(anonymous_29)
FNDA:0,(anonymous_30)
DA:5,1
DA:6,1
DA:12,1
DA:14,24
DA:15,24
DA:16,24
DA:17,24
DA:24,3
DA:26,3
DA:27,3
DA:28,3
DA:37,3
DA:47,3
DA:48,3
DA:51,3
DA:54,3
DA:56,3
DA:59,4
DA:60,4
DA:81,2
DA:82,2
DA:83,2
DA:85,2
DA:86,4
DA:89,2
DA:90,2
DA:91,4
DA:92,4
DA:93,4
DA:97,2
DA:98,2
DA:99,4
DA:100,4
DA:103,2
DA:105,2
DA:109,3
DA:125,5
DA:126,5
DA:128,5
DA:130,7
DA:131,0
DA:134,7
DA:135,7
DA:136,6
DA:142,7
DA:146,7
DA:147,7
DA:148,7
DA:149,7
DA:151,7
DA:154,4
DA:155,4
DA:156,3
DA:159,1
DA:160,2
DA:164,2
DA:165,2
DA:167,2
DA:170,7
DA:173,5
DA:174,1
DA:176,5
DA:193,13
DA:206,13
DA:208,13
DA:210,19
DA:211,0
DA:214,19
DA:215,19
DA:216,13
DA:228,19
DA:229,19
DA:231,19
DA:232,19
DA:233,19
DA:236,19
DA:237,19
DA:239,19
DA:241,15
DA:244,15
DA:245,15
DA:248,15
DA:251,15
DA:252,4
DA:254,2
DA:257,2
DA:261,2
DA:267,2
DA:268,2
DA:269,2
DA:271,2
DA:274,2
DA:275,2
DA:279,2
DA:280,2
DA:283,2
DA:287,13
DA:291,13
DA:293,13
DA:309,1
DA:317,6
DA:318,6
DA:320,6
DA:322,4
DA:333,8
DA:336,8
DA:338,6
DA:339,6
DA:341,6
DA:342,10
DA:344,10
DA:345,10
DA:346,10
DA:349,10
DA:351,10
DA:352,8
DA:353,8
DA:354,2
DA:355,1
DA:356,1
DA:357,1
DA:358,1
DA:361,10
DA:362,6
DA:363,5
DA:366,6
DA:367,4
DA:368,4
DA:369,2
DA:370,1
DA:371,1
DA:372,1
DA:373,1
DA:375,1
DA:381,6
DA:384,2
DA:392,3
DA:393,3
DA:394,4
DA:395,4
DA:402,3
DA:403,3
DA:410,6
DA:412,6
DA:414,4
DA:415,8
DA:416,8
DA:419,8
DA:422,4
DA:429,0
DA:430,0
DA:431,0
DA:433,0
DA:436,0
LF:154
LH:147
BRDA:26,0,0,3
BRDA:26,0,1,2
BRDA:27,1,0,3
BRDA:27,1,1,2
BRDA:28,2,0,3
BRDA:28,2,1,2
BRDA:71,3,0,2
BRDA:71,3,1,1
BRDA:82,4,0,2
BRDA:82,4,1,2
BRDA:83,5,0,2
BRDA:83,5,1,2
BRDA:91,6,0,4
BRDA:91,6,1,2
BRDA:93,7,0,4
BRDA:93,7,1,2
BRDA:100,8,0,4
BRDA:100,8,1,3
BRDA:123,9,0,4
BRDA:130,10,0,0
BRDA:130,11,0,7
BRDA:130,11,1,7
BRDA:135,12,0,6
BRDA:147,13,0,7
BRDA:147,13,1,0
BRDA:148,14,0,7
BRDA:148,14,1,0
BRDA:149,15,0,7
BRDA:149,15,1,4
BRDA:151,16,0,4
BRDA:151,16,1,3
BRDA:156,17,0,1
BRDA:156,17,1,2
BRDA:160,18,0,2
BRDA:191,19,0,5
BRDA:210,20,0,0
BRDA:210,21,0,19
BRDA:210,21,1,19
BRDA:215,22,0,13
BRDA:231,23,0,19
BRDA:231,23,1,0
BRDA:232,24,0,19
BRDA:232,24,1,0
BRDA:233,25,0,19
BRDA:233,25,1,12
BRDA:239,26,0,15
BRDA:239,26,1,4
BRDA:252,27,0,2
BRDA:252,27,1,2
BRDA:269,28,0,2
BRDA:320,29,0,2
BRDA:330,30,0,2
BRDA:336,31,0,6
BRDA:336,31,1,2
BRDA:342,32,0,0
BRDA:342,33,0,10
BRDA:342,33,1,10
BRDA:344,34,0,10
BRDA:344,34,1,0
BRDA:345,35,0,10
BRDA:345,35,1,0
BRDA:346,36,0,10
BRDA:346,36,1,7
BRDA:351,37,0,8
BRDA:351,37,1,2
BRDA:352,38,0,8
BRDA:352,38,1,2
BRDA:353,39,0,8
BRDA:353,39,1,8
BRDA:354,40,0,1
BRDA:354,40,1,1
BRDA:355,41,0,1
BRDA:355,41,1,1
BRDA:356,42,0,1
BRDA:357,43,0,1
BRDA:357,43,1,0
BRDA:358,44,0,1
BRDA:358,44,1,1
BRDA:361,45,0,6
BRDA:362,46,0,5
BRDA:366,47,0,4
BRDA:366,47,1,2
BRDA:369,48,0,1
BRDA:369,48,1,1
BRDA:371,49,0,1
BRDA:412,50,0,2
BRDA:415,51,0,8
BRDA:415,51,1,1
BRF:88
BRH:78
end_of_record
TN:
SF:src\services\ReportService.ts
FN:13,(anonymous_0)
FN:21,(anonymous_1)
FN:33,(anonymous_2)
FN:34,(anonymous_3)
FN:35,(anonymous_4)
FN:38,(anonymous_5)
FN:43,(anonymous_6)
FN:48,(anonymous_7)
FN:51,(anonymous_8)
FN:56,(anonymous_9)
FN:64,(anonymous_10)
FN:80,(anonymous_11)
FN:91,(anonymous_12)
FN:120,(anonymous_13)
FN:128,(anonymous_14)
FN:161,(anonymous_15)
FN:167,(anonymous_16)
FN:175,(anonymous_17)
FN:180,(anonymous_18)
FN:181,(anonymous_19)
FN:182,(anonymous_20)
FN:193,(anonymous_21)
FN:194,(anonymous_22)
FN:195,(anonymous_23)
FN:198,(anonymous_24)
FN:199,(anonymous_25)
FN:200,(anonymous_26)
FN:203,(anonymous_27)
FN:204,(anonymous_28)
FN:205,(anonymous_29)
FN:214,(anonymous_30)
FN:225,(anonymous_31)
FN:227,(anonymous_32)
FN:228,(anonymous_33)
FN:252,(anonymous_34)
FN:259,(anonymous_35)
FN:265,(anonymous_36)
FN:267,(anonymous_37)
FN:268,(anonymous_38)
FN:269,(anonymous_39)
FN:270,(anonymous_40)
FN:273,(anonymous_41)
FN:298,(anonymous_42)
FN:301,(anonymous_43)
FN:304,(anonymous_44)
FN:307,(anonymous_45)
FN:310,(anonymous_46)
FN:359,(anonymous_47)
FN:368,(anonymous_48)
FN:369,(anonymous_49)
FN:370,(anonymous_50)
FN:372,(anonymous_51)
FNF:52
FNH:52
FNDA:17,(anonymous_0)
FNDA:7,(anonymous_1)
FNDA:8,(anonymous_2)
FNDA:8,(anonymous_3)
FNDA:8,(anonymous_4)
FNDA:5,(anonymous_5)
FNDA:1,(anonymous_6)
FNDA:5,(anonymous_7)
FNDA:8,(anonymous_8)
FNDA:5,(anonymous_9)
FNDA:2,(anonymous_10)
FNDA:5,(anonymous_11)
FNDA:2,(anonymous_12)
FNDA:5,(anonymous_13)
FNDA:2,(anonymous_14)
FNDA:3,(anonymous_15)
FNDA:1,(anonymous_16)
FNDA:3,(anonymous_17)
FNDA:6,(anonymous_18)
FNDA:6,(anonymous_19)
FNDA:6,(anonymous_20)
FNDA:6,(anonymous_21)
FNDA:6,(anonymous_22)
FNDA:6,(anonymous_23)
FNDA:6,(anonymous_24)
FNDA:6,(anonymous_25)
FNDA:6,(anonymous_26)
FNDA:6,(anonymous_27)
FNDA:6,(anonymous_28)
FNDA:6,(anonymous_29)
FNDA:2,(anonymous_30)
FNDA:1,(anonymous_31)
FNDA:5,(anonymous_32)
FNDA:1,(anonymous_33)
FNDA:5,(anonymous_34)
FNDA:2,(anonymous_35)
FNDA:6,(anonymous_36)
FNDA:10,(anonymous_37)
FNDA:8,(anonymous_38)
FNDA:8,(anonymous_39)
FNDA:8,(anonymous_40)
FNDA:8,(anonymous_41)
FNDA:6,(anonymous_42)
FNDA:2,(anonymous_43)
FNDA:6,(anonymous_44)
FNDA:8,(anonymous_45)
FNDA:6,(anonymous_46)
FNDA:1,(anonymous_47)
FNDA:6,(anonymous_48)
FNDA:6,(anonymous_49)
FNDA:6,(anonymous_50)
FNDA:6,(anonymous_51)
DA:3,1
DA:4,1
DA:5,1
DA:6,1
DA:12,1
DA:14,17
DA:15,17
DA:22,7
DA:23,7
DA:27,7
DA:28,1
DA:30,6
DA:33,8
DA:34,8
DA:35,8
DA:38,7
DA:39,5
DA:43,7
DA:44,1
DA:48,7
DA:51,8
DA:56,7
DA:57,5
DA:58,5
DA:60,5
DA:64,7
DA:65,2
DA:66,2
DA:68,2
DA:80,7
DA:81,5
DA:82,5
DA:83,5
DA:84,5
DA:88,5
DA:91,7
DA:92,2
DA:93,2
DA:94,2
DA:95,2
DA:100,2
DA:101,2
DA:106,7
DA:109,7
DA:120,5
DA:128,2
DA:139,7
DA:162,3
DA:163,3
DA:165,3
DA:166,3
DA:167,3
DA:169,3
DA:170,3
DA:175,3
DA:176,3
DA:179,3
DA:180,6
DA:181,6
DA:182,6
DA:183,3
DA:185,3
DA:193,6
DA:194,6
DA:195,6
DA:198,6
DA:199,6
DA:200,6
DA:203,6
DA:204,6
DA:205,6
DA:215,2
DA:216,2
DA:218,2
DA:219,2
DA:220,2
DA:223,2
DA:224,2
DA:225,2
DA:227,2
DA:228,5
DA:229,5
DA:240,2
DA:253,5
DA:254,5
DA:257,5
DA:258,5
DA:259,1
DA:260,2
DA:261,2
DA:265,5
DA:267,10
DA:268,8
DA:269,8
DA:270,8
DA:273,6
DA:274,8
DA:275,1
DA:276,1
DA:277,1
DA:278,7
DA:279,2
DA:280,2
DA:281,2
DA:282,5
DA:283,0
DA:284,0
DA:285,0
DA:287,5
DA:291,6
DA:292,6
DA:293,6
DA:294,6
DA:295,6
DA:298,6
DA:299,6
DA:301,6
DA:302,2
DA:304,6
DA:305,6
DA:307,6
DA:308,8
DA:310,6
DA:311,6
DA:312,6
DA:313,6
DA:317,6
DA:318,6
DA:319,6
DA:320,6
DA:324,6
DA:359,5
DA:361,5
DA:368,6
DA:369,6
DA:370,6
DA:372,6
LF:137
LH:134
BRDA:27,0,0,1
BRDA:27,0,1,6
BRDA:27,1,0,7
BRDA:27,1,1,1
BRDA:146,2,0,7
BRDA:146,2,1,6
BRDA:147,3,0,7
BRDA:147,3,1,6
BRDA:183,4,0,2
BRDA:183,4,1,1
BRDA:194,5,0,6
BRDA:194,5,1,5
BRDA:195,6,0,6
BRDA:195,6,1,5
BRDA:199,7,0,6
BRDA:199,7,1,1
BRDA:200,8,0,6
BRDA:200,8,1,1
BRDA:204,9,0,6
BRDA:204,9,1,0
BRDA:205,10,0,6
BRDA:205,10,1,0
BRDA:234,11,0,1
BRDA:234,11,1,4
BRDA:258,12,0,1
BRDA:258,13,0,5
BRDA:258,13,1,1
BRDA:261,14,0,2
BRDA:261,14,1,2
BRDA:274,15,0,1
BRDA:274,15,1,7
BRDA:274,16,0,8
BRDA:274,16,1,6
BRDA:278,17,0,2
BRDA:278,17,1,5
BRDA:282,18,0,0
BRDA:282,19,0,5
BRDA:282,19,1,0
BRDA:291,20,0,6
BRDA:291,20,1,5
BRDA:292,21,0,6
BRDA:292,21,1,5
BRDA:294,22,0,6
BRDA:294,22,1,0
BRDA:320,23,0,2
BRDA:320,23,1,4
BRDA:322,24,0,4
BRDA:322,24,1,0
BRDA:351,25,0,5
BRDA:351,25,1,1
BRDA:363,26,0,5
BRDA:363,26,1,4
BRDA:364,27,0,5
BRDA:364,27,1,4
BRDA:371,28,0,5
BRDA:371,28,1,0
BRF:56
BRH:49
end_of_record
